1694277459106:list
1694347275142:stacktrace
1694423519798:list
1694427179501:stacktrace
1694427437838:list
1694440893059:stacktrace
1694462848262:list
1694462875651:stacktrace
1694462949669:list
1694462964084:stacktrace
1694463546563:list
1694463567826:stacktrace
1694463768947:list
1694464307489:stacktrace
1694465316833:list
1694465328175:stacktrace
1694505068051:list
1694505083538:stacktrace
1694505113474:list
1694505127921:stacktrace
1694513038510:list
1694513278061:stacktrace
1694513384621:list
1694513398141:stacktrace
1694513585181:list
1694696664875:report
1694697213000:stacktrace
1694697289481:report
1694698344502:stacktrace
1694698456824:report
1694710592139:stacktrace
1694711075372:report
1694719566351:repot
1694719568908:report
1694719586525:stacktrace
1694720867485:report
1694728976351:stacktrace
1694729009664:report
1694760501382:exit
1694765599231:report
1694765839901:exit
1694765993280:report
1694779248278:exit
1694779812998:help
1694779819524:quit
1694779884678:report
1694779889156:quit
1694779928821:help
1694779934467:quit
